2024-10-22 23:03:31,171 - INFO - Created the DataFrame Successfully for the input: charges_path
2024-10-22 23:03:31,950 - INFO - Closing down clientserver connection
2024-10-22 23:04:31,635 - INFO - Created the DataFrame Successfully for the input: person_path
2024-10-22 23:04:33,279 - INFO - Successfully extracted the first analysis. The count of crashes with at least 2 males dead is: 0
2024-10-22 23:04:33,685 - INFO - Created the DataFrame Successfully for the input: units_path
2024-10-22 23:04:34,260 - INFO - Successfully extracted the second analysis. The count of crashes involving two-wheeler is: 781
2024-10-22 23:04:35,021 - INFO - Successfully extracted the fourth analysis. The count of hit and run with valid licenses: 2616
2024-10-22 23:04:35,233 - INFO - Created the DataFrame Successfully for the input: damages_path
2024-10-22 23:04:37,934 - INFO - Successfully extracted the ninth analysis. The Count of Distinct Crash IDs where No Damaged Property was observed and Damage Level (VEH_DMAG_SCL~) is above 4 and car avails Insurance is: 8
2024-10-22 23:04:39,475 - INFO - Successfully Stored the Analysis in the mentioned path: Target_Location/Top_Vehicle_Makes_AB_Not_Deployed.csv
2024-10-22 23:04:39,475 - INFO - Successfully extracted the third analysis and stored in the file.
2024-10-22 23:04:41,270 - INFO - Successfully Stored the Analysis in the mentioned path: Target_Location/Female_Not_Involved_State.csv
2024-10-22 23:04:41,271 - INFO - Successfully extracted the fifth analysis and stored in the file.
2024-10-22 23:04:45,306 - INFO - Successfully Stored the Analysis in the mentioned path: Target_Location/Top_3_5_Inj_Death_Model.csv
2024-10-22 23:04:45,306 - INFO - Successfully extracted the sixth analysis and stored in the file.
2024-10-22 23:04:52,082 - INFO - Successfully Stored the Analysis in the mentioned path: Target_Location/Top_Ethnicity_Vehicle_Body.csv
2024-10-22 23:04:52,082 - INFO - Successfully extracted the seventh analysis and stored in the file.
2024-10-22 23:04:55,990 - INFO - Successfully Stored the Analysis in the mentioned path: Target_Location/Zip_Code_Drunk_Drive.csv
2024-10-22 23:04:55,990 - INFO - Successfully extracted the eight analysis and stored in the file.
2024-10-22 23:05:00,491 - INFO - Successfully Stored the Analysis in the mentioned path: Target_Location/Top_Vehicle_Makes_10Color_25State.csv
2024-10-22 23:05:00,492 - INFO - Successfully extracted the tenth analysis and stored in the file.
2024-10-22 23:05:00,503 - INFO - Closing down clientserver connection
